<?xml version="1.0" encoding="UTF-8"?>
<testsuite name="com.numble.whatz.api.member.MemberDocumentationTest" tests="1" skipped="0" failures="0" errors="0" timestamp="2022-05-10T11:17:36" hostname="seungjuui-MacBookPro.local" time="0.133">
  <properties/>
  <testcase name="getMemberInfo()" classname="com.numble.whatz.api.member.MemberDocumentationTest" time="0.133"/>
  <system-out><![CDATA[2022-05-10 20:17:33.652  INFO 63928 --- [    Test worker] .b.t.c.SpringBootTestContextBootstrapper : Neither @ContextConfiguration nor @ContextHierarchy found for test class [com.numble.whatz.api.member.MemberDocumentationTest], using SpringBootContextLoader
2022-05-10 20:17:33.654  INFO 63928 --- [    Test worker] o.s.t.c.support.AbstractContextLoader    : Could not detect default resource locations for test class [com.numble.whatz.api.member.MemberDocumentationTest]: no resource found for suffixes {-context.xml, Context.groovy}.
2022-05-10 20:17:33.655  INFO 63928 --- [    Test worker] t.c.s.AnnotationConfigContextLoaderUtils : Could not detect default configuration classes for test class [com.numble.whatz.api.member.MemberDocumentationTest]: MemberDocumentationTest does not declare any static, non-private, non-final, nested classes annotated with @Configuration.
2022-05-10 20:17:33.677  INFO 63928 --- [    Test worker] .b.t.c.SpringBootTestContextBootstrapper : Found @SpringBootConfiguration com.numble.whatz.WhatzApplication for test class com.numble.whatz.api.member.MemberDocumentationTest
2022-05-10 20:17:33.686  INFO 63928 --- [    Test worker] .b.t.c.SpringBootTestContextBootstrapper : Loaded default TestExecutionListener class names from location [META-INF/spring.factories]: [org.springframework.security.test.context.support.WithSecurityContextTestExecutionListener, org.springframework.security.test.context.support.ReactorContextTestExecutionListener, org.springframework.test.context.web.ServletTestExecutionListener, org.springframework.test.context.support.DirtiesContextBeforeModesTestExecutionListener, org.springframework.test.context.event.ApplicationEventsTestExecutionListener, org.springframework.test.context.support.DependencyInjectionTestExecutionListener, org.springframework.test.context.support.DirtiesContextTestExecutionListener, org.springframework.test.context.transaction.TransactionalTestExecutionListener, org.springframework.test.context.jdbc.SqlScriptsTestExecutionListener, org.springframework.test.context.event.EventPublishingTestExecutionListener, org.springframework.boot.test.autoconfigure.restdocs.RestDocsTestExecutionListener, org.springframework.boot.test.autoconfigure.web.client.MockRestServiceServerResetTestExecutionListener, org.springframework.boot.test.autoconfigure.web.servlet.MockMvcPrintOnlyOnFailureTestExecutionListener, org.springframework.boot.test.autoconfigure.web.servlet.WebDriverTestExecutionListener, org.springframework.boot.test.autoconfigure.webservices.client.MockWebServiceServerTestExecutionListener, org.springframework.boot.test.mock.mockito.MockitoTestExecutionListener, org.springframework.boot.test.mock.mockito.ResetMocksTestExecutionListener]
2022-05-10 20:17:33.687  INFO 63928 --- [    Test worker] .b.t.c.SpringBootTestContextBootstrapper : Using TestExecutionListeners: [org.springframework.test.context.web.ServletTestExecutionListener@737652a9, org.springframework.test.context.support.DirtiesContextBeforeModesTestExecutionListener@df80af2, org.springframework.test.context.event.ApplicationEventsTestExecutionListener@6619692e, org.springframework.boot.test.mock.mockito.MockitoTestExecutionListener@765d2d4d, org.springframework.boot.test.autoconfigure.SpringBootDependencyInjectionTestExecutionListener@377fca35, org.springframework.test.context.support.DirtiesContextTestExecutionListener@7a9df9b2, org.springframework.test.context.transaction.TransactionalTestExecutionListener@57e0bfd6, org.springframework.test.context.jdbc.SqlScriptsTestExecutionListener@48c8c722, org.springframework.security.test.context.support.WithSecurityContextTestExecutionListener@12f826c, org.springframework.test.context.event.EventPublishingTestExecutionListener@14eaab92, org.springframework.security.test.context.support.ReactorContextTestExecutionListener@46a6b8d6, org.springframework.boot.test.autoconfigure.restdocs.RestDocsTestExecutionListener@485996f7, org.springframework.boot.test.autoconfigure.web.client.MockRestServiceServerResetTestExecutionListener@35984172, org.springframework.boot.test.autoconfigure.web.servlet.MockMvcPrintOnlyOnFailureTestExecutionListener@746fda68, org.springframework.boot.test.autoconfigure.web.servlet.WebDriverTestExecutionListener@77cac3b, org.springframework.boot.test.autoconfigure.webservices.client.MockWebServiceServerTestExecutionListener@3167c0d, org.springframework.boot.test.mock.mockito.ResetMocksTestExecutionListener@74f23ecc]

  .   ____          _            __ _ _
 /\\ / ___'_ __ _ _(_)_ __  __ _ \ \ \ \
( ( )\___ | '_ | '_| | '_ \/ _` | \ \ \ \
 \\/  ___)| |_)| | | | | || (_| |  ) ) ) )
  '  |____| .__|_| |_|_| |_\__, | / / / /
 =========|_|==============|___/=/_/_/_/
 :: Spring Boot ::                (v2.6.6)

2022-05-10 20:17:33.852  INFO 63928 --- [    Test worker] c.n.w.a.member.MemberDocumentationTest   : Starting MemberDocumentationTest using Java 16.0.2 on seungjuui-MacBookPro.local with PID 63928 (started by seungjulee in /Users/seungjulee/study/NumbleWhatz)
2022-05-10 20:17:33.852  INFO 63928 --- [    Test worker] c.n.w.a.member.MemberDocumentationTest   : The following 3 profiles are active: "oauth", "local", "awskey"
2022-05-10 20:17:34.314  INFO 63928 --- [    Test worker] .s.d.r.c.RepositoryConfigurationDelegate : Bootstrapping Spring Data JPA repositories in DEFAULT mode.
2022-05-10 20:17:34.366  INFO 63928 --- [    Test worker] .s.d.r.c.RepositoryConfigurationDelegate : Finished Spring Data repository scanning in 48 ms. Found 4 JPA repository interfaces.
2022-05-10 20:17:34.772  INFO 63928 --- [    Test worker] o.hibernate.jpa.internal.util.LogHelper  : HHH000204: Processing PersistenceUnitInfo [name: default]
2022-05-10 20:17:34.780  INFO 63928 --- [    Test worker] com.zaxxer.hikari.HikariDataSource       : HikariPool-3 - Starting...
2022-05-10 20:17:34.787  INFO 63928 --- [    Test worker] com.zaxxer.hikari.HikariDataSource       : HikariPool-3 - Start completed.
2022-05-10 20:17:34.788  INFO 63928 --- [    Test worker] org.hibernate.dialect.Dialect            : HHH000400: Using dialect: org.hibernate.dialect.H2Dialect
2022-05-10 20:17:35.015  INFO 63928 --- [    Test worker] o.h.e.t.j.p.i.JtaPlatformInitiator       : HHH000490: Using JtaPlatform implementation: [org.hibernate.engine.transaction.jta.platform.internal.NoJtaPlatform]
2022-05-10 20:17:35.016  INFO 63928 --- [    Test worker] j.LocalContainerEntityManagerFactoryBean : Initialized JPA EntityManagerFactory for persistence unit 'default'
2022-05-10 20:17:35.263  INFO 63928 --- [    Test worker] c.n.whatz.config.aop.trace.FlowLogTrace  : [dedb3c59]|-->CrudRepository.save(..)
2022-05-10 20:17:35.307  INFO 63928 --- [    Test worker] c.n.whatz.config.aop.trace.FlowLogTrace  : [dedb3c59]|<--CrudRepository.save(..) Time=44ms
2022-05-10 20:17:35.307  INFO 63928 --- [    Test worker] c.n.whatz.config.aop.trace.FlowLogTrace  : [57beba01]|-->CrudRepository.save(..)
2022-05-10 20:17:35.311  INFO 63928 --- [    Test worker] c.n.whatz.config.aop.trace.FlowLogTrace  : [57beba01]|<--CrudRepository.save(..) Time=4ms
2022-05-10 20:17:35.312  INFO 63928 --- [    Test worker] c.n.whatz.config.aop.trace.FlowLogTrace  : [5aec252d]|-->CrudRepository.save(..)
2022-05-10 20:17:35.315  INFO 63928 --- [    Test worker] c.n.whatz.config.aop.trace.FlowLogTrace  : [5aec252d]|<--CrudRepository.save(..) Time=3ms
2022-05-10 20:17:35.366  INFO 63928 --- [    Test worker] c.n.whatz.config.aop.trace.FlowLogTrace  : [c8b31363]|-->CrudRepository.save(..)
2022-05-10 20:17:35.407  INFO 63928 --- [    Test worker] c.n.whatz.config.aop.trace.FlowLogTrace  : [c8b31363]|<--CrudRepository.save(..) Time=42ms
2022-05-10 20:17:35.407  INFO 63928 --- [    Test worker] c.n.whatz.config.aop.trace.FlowLogTrace  : [5eb86887]|-->CrudRepository.save(..)
2022-05-10 20:17:35.414  INFO 63928 --- [    Test worker] c.n.whatz.config.aop.trace.FlowLogTrace  : [5eb86887]|<--CrudRepository.save(..) Time=7ms
2022-05-10 20:17:35.414  INFO 63928 --- [    Test worker] c.n.whatz.config.aop.trace.FlowLogTrace  : [928c281d]|-->CrudRepository.save(..)
2022-05-10 20:17:35.417  INFO 63928 --- [    Test worker] c.n.whatz.config.aop.trace.FlowLogTrace  : [928c281d]|<--CrudRepository.save(..) Time=3ms
2022-05-10 20:17:35.418  INFO 63928 --- [    Test worker] c.n.whatz.config.aop.trace.FlowLogTrace  : [b8a0d105]|-->CrudRepository.save(..)
2022-05-10 20:17:35.422  INFO 63928 --- [    Test worker] c.n.whatz.config.aop.trace.FlowLogTrace  : [b8a0d105]|<--CrudRepository.save(..) Time=4ms
accessKey = AKIASMXPHYZITNIGHPMN
secretKey = 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
2022-05-10 20:17:35.729  WARN 63928 --- [    Test worker] o.s.s.c.a.web.builders.WebSecurity       : You are asking Spring Security to ignore Ant [pattern='/h2-console/*']. This is not recommended -- please use permitAll via HttpSecurity#authorizeHttpRequests instead.
2022-05-10 20:17:35.730  INFO 63928 --- [    Test worker] o.s.s.web.DefaultSecurityFilterChain     : Will secure Ant [pattern='/h2-console/*'] with []
2022-05-10 20:17:35.854  INFO 63928 --- [    Test worker] o.s.b.a.h2.H2ConsoleAutoConfiguration    : H2 console available at '/h2-console'. Database available at 'jdbc:h2:tcp://localhost/~/study/h2/makeHere/jpashop'
2022-05-10 20:17:36.020  INFO 63928 --- [    Test worker] o.s.s.web.DefaultSecurityFilterChain     : Will not secure any request
2022-05-10 20:17:36.202  WARN 63928 --- [    Test worker] ion$DefaultTemplateResolverConfiguration : Cannot find template location: classpath:/templates/ (please add some templates or check your Thymeleaf configuration)
2022-05-10 20:17:36.343  INFO 63928 --- [    Test worker] o.s.b.t.m.w.SpringBootMockServletContext : Initializing Spring TestDispatcherServlet ''
2022-05-10 20:17:36.343  INFO 63928 --- [    Test worker] o.s.t.web.servlet.TestDispatcherServlet  : Initializing Servlet ''
2022-05-10 20:17:36.344  INFO 63928 --- [    Test worker] o.s.t.web.servlet.TestDispatcherServlet  : Completed initialization in 1 ms
2022-05-10 20:17:36.358  INFO 63928 --- [    Test worker] c.n.w.a.member.MemberDocumentationTest   : Started MemberDocumentationTest in 2.668 seconds (JVM running for 19.91)
2022-05-10 20:17:36.426  INFO 63928 --- [    Test worker] c.n.whatz.config.aop.trace.FlowLogTrace  : [16833b42]|-->MemberController.getMemberInfo(..)
2022-05-10 20:17:36.441  INFO 63928 --- [    Test worker] c.n.whatz.config.aop.trace.FlowLogTrace  : [16833b42]|<--MemberController.getMemberInfo(..) Time=15ms
]]></system-out>
  <system-err><![CDATA[]]></system-err>
</testsuite>
