<?xml version="1.0" encoding="UTF-8"?>
<testsuite name="com.numble.whatz.api.video.VideoViewControllerTest" tests="3" skipped="0" failures="0" errors="0" timestamp="2022-05-10T11:17:43" hostname="seungjuui-MacBookPro.local" time="0.171">
  <properties/>
  <testcase name="homeApi()" classname="com.numble.whatz.api.video.VideoViewControllerTest" time="0.099"/>
  <testcase name="myVideo()" classname="com.numble.whatz.api.video.VideoViewControllerTest" time="0.034"/>
  <testcase name="oneVideo()" classname="com.numble.whatz.api.video.VideoViewControllerTest" time="0.036"/>
  <system-out><![CDATA[2022-05-10 20:17:40.479  INFO 63928 --- [    Test worker] .b.t.c.SpringBootTestContextBootstrapper : Neither @ContextConfiguration nor @ContextHierarchy found for test class [com.numble.whatz.api.video.VideoViewControllerTest], using SpringBootContextLoader
2022-05-10 20:17:40.481  INFO 63928 --- [    Test worker] o.s.t.c.support.AbstractContextLoader    : Could not detect default resource locations for test class [com.numble.whatz.api.video.VideoViewControllerTest]: no resource found for suffixes {-context.xml, Context.groovy}.
2022-05-10 20:17:40.481  INFO 63928 --- [    Test worker] t.c.s.AnnotationConfigContextLoaderUtils : Could not detect default configuration classes for test class [com.numble.whatz.api.video.VideoViewControllerTest]: VideoViewControllerTest does not declare any static, non-private, non-final, nested classes annotated with @Configuration.
2022-05-10 20:17:40.494  INFO 63928 --- [    Test worker] .b.t.c.SpringBootTestContextBootstrapper : Found @SpringBootConfiguration com.numble.whatz.WhatzApplication for test class com.numble.whatz.api.video.VideoViewControllerTest
2022-05-10 20:17:40.501  INFO 63928 --- [    Test worker] .b.t.c.SpringBootTestContextBootstrapper : Loaded default TestExecutionListener class names from location [META-INF/spring.factories]: [org.springframework.security.test.context.support.WithSecurityContextTestExecutionListener, org.springframework.security.test.context.support.ReactorContextTestExecutionListener, org.springframework.test.context.web.ServletTestExecutionListener, org.springframework.test.context.support.DirtiesContextBeforeModesTestExecutionListener, org.springframework.test.context.event.ApplicationEventsTestExecutionListener, org.springframework.test.context.support.DependencyInjectionTestExecutionListener, org.springframework.test.context.support.DirtiesContextTestExecutionListener, org.springframework.test.context.transaction.TransactionalTestExecutionListener, org.springframework.test.context.jdbc.SqlScriptsTestExecutionListener, org.springframework.test.context.event.EventPublishingTestExecutionListener, org.springframework.boot.test.autoconfigure.restdocs.RestDocsTestExecutionListener, org.springframework.boot.test.autoconfigure.web.client.MockRestServiceServerResetTestExecutionListener, org.springframework.boot.test.autoconfigure.web.servlet.MockMvcPrintOnlyOnFailureTestExecutionListener, org.springframework.boot.test.autoconfigure.web.servlet.WebDriverTestExecutionListener, org.springframework.boot.test.autoconfigure.webservices.client.MockWebServiceServerTestExecutionListener, org.springframework.boot.test.mock.mockito.MockitoTestExecutionListener, org.springframework.boot.test.mock.mockito.ResetMocksTestExecutionListener]
2022-05-10 20:17:40.504  INFO 63928 --- [    Test worker] .b.t.c.SpringBootTestContextBootstrapper : Using TestExecutionListeners: [org.springframework.test.context.web.ServletTestExecutionListener@1931223f, org.springframework.test.context.support.DirtiesContextBeforeModesTestExecutionListener@2f57fc23, org.springframework.test.context.event.ApplicationEventsTestExecutionListener@1dbf21c5, org.springframework.boot.test.mock.mockito.MockitoTestExecutionListener@56f2cdb5, org.springframework.boot.test.autoconfigure.SpringBootDependencyInjectionTestExecutionListener@46c22d8e, org.springframework.test.context.support.DirtiesContextTestExecutionListener@56e46791, org.springframework.test.context.transaction.TransactionalTestExecutionListener@32b1d581, org.springframework.test.context.jdbc.SqlScriptsTestExecutionListener@726e3907, org.springframework.security.test.context.support.WithSecurityContextTestExecutionListener@2517d499, org.springframework.test.context.event.EventPublishingTestExecutionListener@50bae745, org.springframework.security.test.context.support.ReactorContextTestExecutionListener@6c9b2d0e, org.springframework.boot.test.autoconfigure.restdocs.RestDocsTestExecutionListener@6fbe879b, org.springframework.boot.test.autoconfigure.web.client.MockRestServiceServerResetTestExecutionListener@749635e9, org.springframework.boot.test.autoconfigure.web.servlet.MockMvcPrintOnlyOnFailureTestExecutionListener@739174f1, org.springframework.boot.test.autoconfigure.web.servlet.WebDriverTestExecutionListener@46d7c4d0, org.springframework.boot.test.autoconfigure.webservices.client.MockWebServiceServerTestExecutionListener@5d4e11ce, org.springframework.boot.test.mock.mockito.ResetMocksTestExecutionListener@18b25ef3]

  .   ____          _            __ _ _
 /\\ / ___'_ __ _ _(_)_ __  __ _ \ \ \ \
( ( )\___ | '_ | '_| | '_ \/ _` | \ \ \ \
 \\/  ___)| |_)| | | | | || (_| |  ) ) ) )
  '  |____| .__|_| |_|_| |_\__, | / / / /
 =========|_|==============|___/=/_/_/_/
 :: Spring Boot ::                (v2.6.6)

2022-05-10 20:17:40.651  INFO 63928 --- [    Test worker] c.n.w.api.video.VideoViewControllerTest  : Starting VideoViewControllerTest using Java 16.0.2 on seungjuui-MacBookPro.local with PID 63928 (started by seungjulee in /Users/seungjulee/study/NumbleWhatz)
2022-05-10 20:17:40.655  INFO 63928 --- [    Test worker] c.n.w.api.video.VideoViewControllerTest  : The following 3 profiles are active: "oauth", "local", "awskey"
2022-05-10 20:17:41.400  INFO 63928 --- [    Test worker] .s.d.r.c.RepositoryConfigurationDelegate : Bootstrapping Spring Data JPA repositories in DEFAULT mode.
2022-05-10 20:17:41.452  INFO 63928 --- [    Test worker] .s.d.r.c.RepositoryConfigurationDelegate : Finished Spring Data repository scanning in 50 ms. Found 4 JPA repository interfaces.
2022-05-10 20:17:41.806  INFO 63928 --- [    Test worker] o.hibernate.jpa.internal.util.LogHelper  : HHH000204: Processing PersistenceUnitInfo [name: default]
2022-05-10 20:17:41.818  INFO 63928 --- [    Test worker] com.zaxxer.hikari.HikariDataSource       : HikariPool-5 - Starting...
2022-05-10 20:17:41.849  INFO 63928 --- [    Test worker] com.zaxxer.hikari.HikariDataSource       : HikariPool-5 - Start completed.
2022-05-10 20:17:41.849  INFO 63928 --- [    Test worker] org.hibernate.dialect.Dialect            : HHH000400: Using dialect: org.hibernate.dialect.H2Dialect
2022-05-10 20:17:42.030  INFO 63928 --- [    Test worker] o.h.e.t.j.p.i.JtaPlatformInitiator       : HHH000490: Using JtaPlatform implementation: [org.hibernate.engine.transaction.jta.platform.internal.NoJtaPlatform]
2022-05-10 20:17:42.032  INFO 63928 --- [    Test worker] j.LocalContainerEntityManagerFactoryBean : Initialized JPA EntityManagerFactory for persistence unit 'default'
2022-05-10 20:17:42.286  INFO 63928 --- [    Test worker] c.n.whatz.config.aop.trace.FlowLogTrace  : [d5a77969]|-->CrudRepository.save(..)
2022-05-10 20:17:42.321  INFO 63928 --- [    Test worker] c.n.whatz.config.aop.trace.FlowLogTrace  : [d5a77969]|<--CrudRepository.save(..) Time=35ms
2022-05-10 20:17:42.322  INFO 63928 --- [    Test worker] c.n.whatz.config.aop.trace.FlowLogTrace  : [ef94237c]|-->CrudRepository.save(..)
2022-05-10 20:17:42.326  INFO 63928 --- [    Test worker] c.n.whatz.config.aop.trace.FlowLogTrace  : [ef94237c]|<--CrudRepository.save(..) Time=4ms
2022-05-10 20:17:42.326  INFO 63928 --- [    Test worker] c.n.whatz.config.aop.trace.FlowLogTrace  : [1d39b028]|-->CrudRepository.save(..)
2022-05-10 20:17:42.329  INFO 63928 --- [    Test worker] c.n.whatz.config.aop.trace.FlowLogTrace  : [1d39b028]|<--CrudRepository.save(..) Time=3ms
2022-05-10 20:17:42.329  INFO 63928 --- [    Test worker] c.n.whatz.config.aop.trace.FlowLogTrace  : [34f91eb7]|-->CrudRepository.save(..)
2022-05-10 20:17:42.338  INFO 63928 --- [    Test worker] c.n.whatz.config.aop.trace.FlowLogTrace  : [34f91eb7]|<--CrudRepository.save(..) Time=9ms
2022-05-10 20:17:42.338  INFO 63928 --- [    Test worker] c.n.whatz.config.aop.trace.FlowLogTrace  : [4febfb6b]|-->CrudRepository.save(..)
2022-05-10 20:17:42.346  INFO 63928 --- [    Test worker] c.n.whatz.config.aop.trace.FlowLogTrace  : [4febfb6b]|<--CrudRepository.save(..) Time=8ms
2022-05-10 20:17:42.348  INFO 63928 --- [    Test worker] c.n.whatz.config.aop.trace.FlowLogTrace  : [71cebc68]|-->CrudRepository.save(..)
2022-05-10 20:17:42.352  INFO 63928 --- [    Test worker] c.n.whatz.config.aop.trace.FlowLogTrace  : [71cebc68]|<--CrudRepository.save(..) Time=3ms
2022-05-10 20:17:42.352  INFO 63928 --- [    Test worker] c.n.whatz.config.aop.trace.FlowLogTrace  : [9c7825b3]|-->CrudRepository.save(..)
2022-05-10 20:17:42.359  INFO 63928 --- [    Test worker] c.n.whatz.config.aop.trace.FlowLogTrace  : [9c7825b3]|<--CrudRepository.save(..) Time=7ms
accessKey = AKIASMXPHYZITNIGHPMN
secretKey = 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
2022-05-10 20:17:42.607  WARN 63928 --- [    Test worker] o.s.s.c.a.web.builders.WebSecurity       : You are asking Spring Security to ignore Ant [pattern='/h2-console/*']. This is not recommended -- please use permitAll via HttpSecurity#authorizeHttpRequests instead.
2022-05-10 20:17:42.607  INFO 63928 --- [    Test worker] o.s.s.web.DefaultSecurityFilterChain     : Will secure Ant [pattern='/h2-console/*'] with []
2022-05-10 20:17:42.706  INFO 63928 --- [    Test worker] o.s.b.a.h2.H2ConsoleAutoConfiguration    : H2 console available at '/h2-console'. Database available at 'jdbc:h2:tcp://localhost/~/study/h2/makeHere/jpashop'
2022-05-10 20:17:42.887  INFO 63928 --- [    Test worker] o.s.s.web.DefaultSecurityFilterChain     : Will not secure any request
2022-05-10 20:17:43.123  WARN 63928 --- [    Test worker] ion$DefaultTemplateResolverConfiguration : Cannot find template location: classpath:/templates/ (please add some templates or check your Thymeleaf configuration)
2022-05-10 20:17:43.347  INFO 63928 --- [    Test worker] o.s.b.t.m.w.SpringBootMockServletContext : Initializing Spring TestDispatcherServlet ''
2022-05-10 20:17:43.347  INFO 63928 --- [    Test worker] o.s.t.web.servlet.TestDispatcherServlet  : Initializing Servlet ''
2022-05-10 20:17:43.348  INFO 63928 --- [    Test worker] o.s.t.web.servlet.TestDispatcherServlet  : Completed initialization in 1 ms
2022-05-10 20:17:43.363  INFO 63928 --- [    Test worker] c.n.w.api.video.VideoViewControllerTest  : Started VideoViewControllerTest in 2.849 seconds (JVM running for 26.915)
2022-05-10 20:17:43.408  INFO 63928 --- [    Test worker] c.n.whatz.config.aop.trace.FlowLogTrace  : [aa2df86f]|-->VideoViewController.home(..)
2022-05-10 20:17:43.433  INFO 63928 --- [    Test worker] c.n.whatz.config.aop.trace.FlowLogTrace  : [aa2df86f]|<--VideoViewController.home(..) Time=25ms
2022-05-10 20:17:43.492  INFO 63928 --- [    Test worker] c.n.whatz.config.aop.trace.FlowLogTrace  : [3af5639f]|-->VideoViewController.myVideos(..)
2022-05-10 20:17:43.493  INFO 63928 --- [    Test worker] c.n.whatz.config.aop.trace.FlowLogTrace  : [3af5639f]|<--VideoViewController.myVideos(..) Time=1ms
2022-05-10 20:17:43.531  INFO 63928 --- [    Test worker] c.n.whatz.config.aop.trace.FlowLogTrace  : [e21c30b0]|-->VideoViewController.myVideo(..)
2022-05-10 20:17:43.531  INFO 63928 --- [    Test worker] c.n.whatz.config.aop.trace.FlowLogTrace  : [e21c30b0]|<--VideoViewController.myVideo(..) Time=0ms
]]></system-out>
  <system-err><![CDATA[]]></system-err>
</testsuite>
