<?xml version="1.0" encoding="UTF-8"?>
<testsuite name="com.numble.whatz.WhatzApplicationTests" tests="1" skipped="0" failures="0" errors="0" timestamp="2022-05-10T11:17:28" hostname="seungjuui-MacBookPro.local" time="0.23">
  <properties/>
  <testcase name="contextLoads()" classname="com.numble.whatz.WhatzApplicationTests" time="0.23"/>
  <system-out><![CDATA[20:17:17.674 [Test worker] DEBUG org.springframework.test.context.BootstrapUtils - Instantiating CacheAwareContextLoaderDelegate from class [org.springframework.test.context.cache.DefaultCacheAwareContextLoaderDelegate]
20:17:17.688 [Test worker] DEBUG org.springframework.test.context.BootstrapUtils - Instantiating BootstrapContext using constructor [public org.springframework.test.context.support.DefaultBootstrapContext(java.lang.Class,org.springframework.test.context.CacheAwareContextLoaderDelegate)]
20:17:17.741 [Test worker] DEBUG org.springframework.test.context.BootstrapUtils - Instantiating TestContextBootstrapper for test class [com.numble.whatz.WhatzApplicationTests] from class [org.springframework.boot.test.context.SpringBootTestContextBootstrapper]
20:17:17.764 [Test worker] INFO org.springframework.boot.test.context.SpringBootTestContextBootstrapper - Neither @ContextConfiguration nor @ContextHierarchy found for test class [com.numble.whatz.WhatzApplicationTests], using SpringBootContextLoader
20:17:17.774 [Test worker] DEBUG org.springframework.test.context.support.AbstractContextLoader - Did not detect default resource location for test class [com.numble.whatz.WhatzApplicationTests]: class path resource [com/numble/whatz/WhatzApplicationTests-context.xml] does not exist
20:17:17.775 [Test worker] DEBUG org.springframework.test.context.support.AbstractContextLoader - Did not detect default resource location for test class [com.numble.whatz.WhatzApplicationTests]: class path resource [com/numble/whatz/WhatzApplicationTestsContext.groovy] does not exist
20:17:17.775 [Test worker] INFO org.springframework.test.context.support.AbstractContextLoader - Could not detect default resource locations for test class [com.numble.whatz.WhatzApplicationTests]: no resource found for suffixes {-context.xml, Context.groovy}.
20:17:17.776 [Test worker] INFO org.springframework.test.context.support.AnnotationConfigContextLoaderUtils - Could not detect default configuration classes for test class [com.numble.whatz.WhatzApplicationTests]: WhatzApplicationTests does not declare any static, non-private, non-final, nested classes annotated with @Configuration.
20:17:17.862 [Test worker] DEBUG org.springframework.test.context.support.ActiveProfilesUtils - Could not find an 'annotation declaring class' for annotation type [org.springframework.test.context.ActiveProfiles] and class [com.numble.whatz.WhatzApplicationTests]
20:17:17.943 [Test worker] DEBUG org.springframework.context.annotation.ClassPathScanningCandidateComponentProvider - Identified candidate component class: file [/Users/seungjulee/study/NumbleWhatz/build/classes/java/main/com/numble/whatz/WhatzApplication.class]
20:17:17.945 [Test worker] INFO org.springframework.boot.test.context.SpringBootTestContextBootstrapper - Found @SpringBootConfiguration com.numble.whatz.WhatzApplication for test class com.numble.whatz.WhatzApplicationTests
20:17:18.083 [Test worker] DEBUG org.springframework.boot.test.context.SpringBootTestContextBootstrapper - @TestExecutionListeners is not present for class [com.numble.whatz.WhatzApplicationTests]: using defaults.
20:17:18.083 [Test worker] INFO org.springframework.boot.test.context.SpringBootTestContextBootstrapper - Loaded default TestExecutionListener class names from location [META-INF/spring.factories]: [org.springframework.security.test.context.support.WithSecurityContextTestExecutionListener, org.springframework.security.test.context.support.ReactorContextTestExecutionListener, org.springframework.test.context.web.ServletTestExecutionListener, org.springframework.test.context.support.DirtiesContextBeforeModesTestExecutionListener, org.springframework.test.context.event.ApplicationEventsTestExecutionListener, org.springframework.test.context.support.DependencyInjectionTestExecutionListener, org.springframework.test.context.support.DirtiesContextTestExecutionListener, org.springframework.test.context.transaction.TransactionalTestExecutionListener, org.springframework.test.context.jdbc.SqlScriptsTestExecutionListener, org.springframework.test.context.event.EventPublishingTestExecutionListener, org.springframework.boot.test.autoconfigure.restdocs.RestDocsTestExecutionListener, org.springframework.boot.test.autoconfigure.web.client.MockRestServiceServerResetTestExecutionListener, org.springframework.boot.test.autoconfigure.web.servlet.MockMvcPrintOnlyOnFailureTestExecutionListener, org.springframework.boot.test.autoconfigure.web.servlet.WebDriverTestExecutionListener, org.springframework.boot.test.autoconfigure.webservices.client.MockWebServiceServerTestExecutionListener, org.springframework.boot.test.mock.mockito.MockitoTestExecutionListener, org.springframework.boot.test.mock.mockito.ResetMocksTestExecutionListener]
20:17:18.098 [Test worker] INFO org.springframework.boot.test.context.SpringBootTestContextBootstrapper - Using TestExecutionListeners: [org.springframework.test.context.web.ServletTestExecutionListener@1d1f7216, org.springframework.test.context.support.DirtiesContextBeforeModesTestExecutionListener@423e4cbb, org.springframework.test.context.event.ApplicationEventsTestExecutionListener@6e16b8b5, org.springframework.boot.test.mock.mockito.MockitoTestExecutionListener@43b4fe19, org.springframework.boot.test.autoconfigure.SpringBootDependencyInjectionTestExecutionListener@25ddbbbb, org.springframework.test.context.support.DirtiesContextTestExecutionListener@1536602f, org.springframework.test.context.transaction.TransactionalTestExecutionListener@4ebea12c, org.springframework.test.context.jdbc.SqlScriptsTestExecutionListener@2a1edad4, org.springframework.security.test.context.support.WithSecurityContextTestExecutionListener@6256ac4f, org.springframework.test.context.event.EventPublishingTestExecutionListener@44c79f32, org.springframework.security.test.context.support.ReactorContextTestExecutionListener@7fcbe147, org.springframework.boot.test.autoconfigure.restdocs.RestDocsTestExecutionListener@235f4c10, org.springframework.boot.test.autoconfigure.web.client.MockRestServiceServerResetTestExecutionListener@743cb8e0, org.springframework.boot.test.autoconfigure.web.servlet.MockMvcPrintOnlyOnFailureTestExecutionListener@c7a975a, org.springframework.boot.test.autoconfigure.web.servlet.WebDriverTestExecutionListener@2c1b9e4b, org.springframework.boot.test.autoconfigure.webservices.client.MockWebServiceServerTestExecutionListener@757d6814, org.springframework.boot.test.mock.mockito.ResetMocksTestExecutionListener@649725e3]
20:17:18.103 [Test worker] DEBUG org.springframework.test.context.support.AbstractDirtiesContextTestExecutionListener - Before test class: context [DefaultTestContext@7fd4acee testClass = WhatzApplicationTests, testInstance = [null], testMethod = [null], testException = [null], mergedContextConfiguration = [WebMergedContextConfiguration@165b8a71 testClass = WhatzApplicationTests, locations = '{}', classes = '{class com.numble.whatz.WhatzApplication}', contextInitializerClasses = '[]', activeProfiles = '{}', propertySourceLocations = '{}', propertySourceProperties = '{org.springframework.boot.test.context.SpringBootTestContextBootstrapper=true}', contextCustomizers = set[org.springframework.boot.test.autoconfigure.actuate.metrics.MetricsExportContextCustomizerFactory$DisableMetricExportContextCustomizer@1b84f475, org.springframework.boot.test.autoconfigure.properties.PropertyMappingContextCustomizer@0, org.springframework.boot.test.autoconfigure.web.servlet.WebDriverContextCustomizerFactory$Customizer@2766ca9d, org.springframework.boot.test.context.filter.ExcludeFilterContextCustomizer@2e6a5539, org.springframework.boot.test.json.DuplicateJsonObjectContextCustomizerFactory$DuplicateJsonObjectContextCustomizer@27d4a09, org.springframework.boot.test.mock.mockito.MockitoContextCustomizer@0, org.springframework.boot.test.web.client.TestRestTemplateContextCustomizer@2631f68c, org.springframework.boot.test.context.SpringBootTestArgs@1, org.springframework.boot.test.context.SpringBootTestWebEnvironment@6ff29830], resourceBasePath = 'src/main/webapp', contextLoader = 'org.springframework.boot.test.context.SpringBootContextLoader', parent = [null]], attributes = map['org.springframework.test.context.web.ServletTestExecutionListener.activateListener' -> true]], class annotated with @DirtiesContext [false] with mode [null].

  .   ____          _            __ _ _
 /\\ / ___'_ __ _ _(_)_ __  __ _ \ \ \ \
( ( )\___ | '_ | '_| | '_ \/ _` | \ \ \ \
 \\/  ___)| |_)| | | | | || (_| |  ) ) ) )
  '  |____| .__|_| |_|_| |_\__, | / / / /
 =========|_|==============|___/=/_/_/_/
 :: Spring Boot ::                (v2.6.6)

2022-05-10 20:17:18.707  INFO 63928 --- [    Test worker] com.numble.whatz.WhatzApplicationTests   : Starting WhatzApplicationTests using Java 16.0.2 on seungjuui-MacBookPro.local with PID 63928 (started by seungjulee in /Users/seungjulee/study/NumbleWhatz)
2022-05-10 20:17:18.709  INFO 63928 --- [    Test worker] com.numble.whatz.WhatzApplicationTests   : The following 3 profiles are active: "oauth", "local", "awskey"
2022-05-10 20:17:20.343  INFO 63928 --- [    Test worker] .s.d.r.c.RepositoryConfigurationDelegate : Bootstrapping Spring Data JPA repositories in DEFAULT mode.
2022-05-10 20:17:20.460  INFO 63928 --- [    Test worker] .s.d.r.c.RepositoryConfigurationDelegate : Finished Spring Data repository scanning in 105 ms. Found 4 JPA repository interfaces.
2022-05-10 20:17:21.946  INFO 63928 --- [    Test worker] o.hibernate.jpa.internal.util.LogHelper  : HHH000204: Processing PersistenceUnitInfo [name: default]
2022-05-10 20:17:22.003  INFO 63928 --- [    Test worker] org.hibernate.Version                    : HHH000412: Hibernate ORM core version 5.6.7.Final
2022-05-10 20:17:22.172  INFO 63928 --- [    Test worker] o.hibernate.annotations.common.Version   : HCANN000001: Hibernate Commons Annotations {5.1.2.Final}
2022-05-10 20:17:22.286  INFO 63928 --- [    Test worker] com.zaxxer.hikari.HikariDataSource       : HikariPool-1 - Starting...
2022-05-10 20:17:22.374  INFO 63928 --- [    Test worker] com.zaxxer.hikari.HikariDataSource       : HikariPool-1 - Start completed.
2022-05-10 20:17:22.399  INFO 63928 --- [    Test worker] org.hibernate.dialect.Dialect            : HHH000400: Using dialect: org.hibernate.dialect.H2Dialect
2022-05-10 20:17:23.304  INFO 63928 --- [    Test worker] o.h.e.t.j.p.i.JtaPlatformInitiator       : HHH000490: Using JtaPlatform implementation: [org.hibernate.engine.transaction.jta.platform.internal.NoJtaPlatform]
2022-05-10 20:17:23.311  INFO 63928 --- [    Test worker] j.LocalContainerEntityManagerFactoryBean : Initialized JPA EntityManagerFactory for persistence unit 'default'
2022-05-10 20:17:24.693  INFO 63928 --- [    Test worker] c.n.whatz.config.aop.trace.FlowLogTrace  : [188f6af1]|-->CrudRepository.save(..)
2022-05-10 20:17:24.823  INFO 63928 --- [    Test worker] c.n.whatz.config.aop.trace.FlowLogTrace  : [188f6af1]|<--CrudRepository.save(..) Time=131ms
2022-05-10 20:17:24.824  INFO 63928 --- [    Test worker] c.n.whatz.config.aop.trace.FlowLogTrace  : [522cf661]|-->CrudRepository.save(..)
2022-05-10 20:17:24.827  INFO 63928 --- [    Test worker] c.n.whatz.config.aop.trace.FlowLogTrace  : [522cf661]|<--CrudRepository.save(..) Time=3ms
2022-05-10 20:17:24.827  INFO 63928 --- [    Test worker] c.n.whatz.config.aop.trace.FlowLogTrace  : [dd7be156]|-->CrudRepository.save(..)
2022-05-10 20:17:24.831  INFO 63928 --- [    Test worker] c.n.whatz.config.aop.trace.FlowLogTrace  : [dd7be156]|<--CrudRepository.save(..) Time=4ms
2022-05-10 20:17:24.840  INFO 63928 --- [    Test worker] c.n.whatz.config.aop.trace.FlowLogTrace  : [3572b611]|-->CrudRepository.save(..)
2022-05-10 20:17:24.856  INFO 63928 --- [    Test worker] c.n.whatz.config.aop.trace.FlowLogTrace  : [3572b611]|<--CrudRepository.save(..) Time=16ms
2022-05-10 20:17:24.858  INFO 63928 --- [    Test worker] c.n.whatz.config.aop.trace.FlowLogTrace  : [ac908925]|-->CrudRepository.save(..)
2022-05-10 20:17:24.862  INFO 63928 --- [    Test worker] c.n.whatz.config.aop.trace.FlowLogTrace  : [ac908925]|<--CrudRepository.save(..) Time=4ms
2022-05-10 20:17:24.862  INFO 63928 --- [    Test worker] c.n.whatz.config.aop.trace.FlowLogTrace  : [c281f7d7]|-->CrudRepository.save(..)
2022-05-10 20:17:24.865  INFO 63928 --- [    Test worker] c.n.whatz.config.aop.trace.FlowLogTrace  : [c281f7d7]|<--CrudRepository.save(..) Time=3ms
2022-05-10 20:17:24.865  INFO 63928 --- [    Test worker] c.n.whatz.config.aop.trace.FlowLogTrace  : [13ba46d8]|-->CrudRepository.save(..)
2022-05-10 20:17:24.871  INFO 63928 --- [    Test worker] c.n.whatz.config.aop.trace.FlowLogTrace  : [13ba46d8]|<--CrudRepository.save(..) Time=6ms
accessKey = AKIASMXPHYZITNIGHPMN
secretKey = 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
2022-05-10 20:17:26.608  WARN 63928 --- [    Test worker] o.s.s.c.a.web.builders.WebSecurity       : You are asking Spring Security to ignore Ant [pattern='/h2-console/*']. This is not recommended -- please use permitAll via HttpSecurity#authorizeHttpRequests instead.
2022-05-10 20:17:26.615  INFO 63928 --- [    Test worker] o.s.s.web.DefaultSecurityFilterChain     : Will secure Ant [pattern='/h2-console/*'] with []
2022-05-10 20:17:27.067  INFO 63928 --- [    Test worker] o.s.b.a.h2.H2ConsoleAutoConfiguration    : H2 console available at '/h2-console'. Database available at 'jdbc:h2:tcp://localhost/~/study/h2/makeHere/jpashop'
2022-05-10 20:17:27.752  INFO 63928 --- [    Test worker] o.s.s.web.DefaultSecurityFilterChain     : Will not secure any request
2022-05-10 20:17:28.393  WARN 63928 --- [    Test worker] ion$DefaultTemplateResolverConfiguration : Cannot find template location: classpath:/templates/ (please add some templates or check your Thymeleaf configuration)
2022-05-10 20:17:28.929  INFO 63928 --- [    Test worker] com.numble.whatz.WhatzApplicationTests   : Started WhatzApplicationTests in 10.773 seconds (JVM running for 12.481)
]]></system-out>
  <system-err><![CDATA[]]></system-err>
</testsuite>
