<?xml version="1.0" encoding="UTF-8"?>
<testsuite name="com.numble.whatz.api.favorite.FavoriteDocumentationTest" tests="2" skipped="0" failures="0" errors="0" timestamp="2022-05-10T11:17:33" hostname="seungjuui-MacBookPro.local" time="0.536">
  <properties/>
  <testcase name="favoriteVideo()" classname="com.numble.whatz.api.favorite.FavoriteDocumentationTest" time="0.431"/>
  <testcase name="favorite()" classname="com.numble.whatz.api.favorite.FavoriteDocumentationTest" time="0.09"/>
  <system-out><![CDATA[2022-05-10 20:17:29.208  INFO 63928 --- [    Test worker] .b.t.c.SpringBootTestContextBootstrapper : Neither @ContextConfiguration nor @ContextHierarchy found for test class [com.numble.whatz.api.favorite.FavoriteDocumentationTest], using SpringBootContextLoader
2022-05-10 20:17:29.214  INFO 63928 --- [    Test worker] o.s.t.c.support.AbstractContextLoader    : Could not detect default resource locations for test class [com.numble.whatz.api.favorite.FavoriteDocumentationTest]: no resource found for suffixes {-context.xml, Context.groovy}.
2022-05-10 20:17:29.215  INFO 63928 --- [    Test worker] t.c.s.AnnotationConfigContextLoaderUtils : Could not detect default configuration classes for test class [com.numble.whatz.api.favorite.FavoriteDocumentationTest]: FavoriteDocumentationTest does not declare any static, non-private, non-final, nested classes annotated with @Configuration.
2022-05-10 20:17:29.261  INFO 63928 --- [    Test worker] .b.t.c.SpringBootTestContextBootstrapper : Found @SpringBootConfiguration com.numble.whatz.WhatzApplication for test class com.numble.whatz.api.favorite.FavoriteDocumentationTest
2022-05-10 20:17:29.268  INFO 63928 --- [    Test worker] .b.t.c.SpringBootTestContextBootstrapper : Loaded default TestExecutionListener class names from location [META-INF/spring.factories]: [org.springframework.security.test.context.support.WithSecurityContextTestExecutionListener, org.springframework.security.test.context.support.ReactorContextTestExecutionListener, org.springframework.test.context.web.ServletTestExecutionListener, org.springframework.test.context.support.DirtiesContextBeforeModesTestExecutionListener, org.springframework.test.context.event.ApplicationEventsTestExecutionListener, org.springframework.test.context.support.DependencyInjectionTestExecutionListener, org.springframework.test.context.support.DirtiesContextTestExecutionListener, org.springframework.test.context.transaction.TransactionalTestExecutionListener, org.springframework.test.context.jdbc.SqlScriptsTestExecutionListener, org.springframework.test.context.event.EventPublishingTestExecutionListener, org.springframework.boot.test.autoconfigure.restdocs.RestDocsTestExecutionListener, org.springframework.boot.test.autoconfigure.web.client.MockRestServiceServerResetTestExecutionListener, org.springframework.boot.test.autoconfigure.web.servlet.MockMvcPrintOnlyOnFailureTestExecutionListener, org.springframework.boot.test.autoconfigure.web.servlet.WebDriverTestExecutionListener, org.springframework.boot.test.autoconfigure.webservices.client.MockWebServiceServerTestExecutionListener, org.springframework.boot.test.mock.mockito.MockitoTestExecutionListener, org.springframework.boot.test.mock.mockito.ResetMocksTestExecutionListener]
2022-05-10 20:17:29.269  INFO 63928 --- [    Test worker] .b.t.c.SpringBootTestContextBootstrapper : Using TestExecutionListeners: [org.springframework.test.context.web.ServletTestExecutionListener@35f34ccc, org.springframework.test.context.support.DirtiesContextBeforeModesTestExecutionListener@136a2e3b, org.springframework.test.context.event.ApplicationEventsTestExecutionListener@62a5e4c7, org.springframework.boot.test.mock.mockito.MockitoTestExecutionListener@62325b44, org.springframework.boot.test.autoconfigure.SpringBootDependencyInjectionTestExecutionListener@4d08fee2, org.springframework.test.context.support.DirtiesContextTestExecutionListener@f511a8e, org.springframework.test.context.transaction.TransactionalTestExecutionListener@421f447f, org.springframework.test.context.jdbc.SqlScriptsTestExecutionListener@3287cf03, org.springframework.security.test.context.support.WithSecurityContextTestExecutionListener@3872c85f, org.springframework.test.context.event.EventPublishingTestExecutionListener@3f7030b5, org.springframework.security.test.context.support.ReactorContextTestExecutionListener@774b798, org.springframework.boot.test.autoconfigure.restdocs.RestDocsTestExecutionListener@b079fa2, org.springframework.boot.test.autoconfigure.web.client.MockRestServiceServerResetTestExecutionListener@25198ead, org.springframework.boot.test.autoconfigure.web.servlet.MockMvcPrintOnlyOnFailureTestExecutionListener@1b52f723, org.springframework.boot.test.autoconfigure.web.servlet.WebDriverTestExecutionListener@39384ba6, org.springframework.boot.test.autoconfigure.webservices.client.MockWebServiceServerTestExecutionListener@e7529ac, org.springframework.boot.test.mock.mockito.ResetMocksTestExecutionListener@6770a229]

  .   ____          _            __ _ _
 /\\ / ___'_ __ _ _(_)_ __  __ _ \ \ \ \
( ( )\___ | '_ | '_| | '_ \/ _` | \ \ \ \
 \\/  ___)| |_)| | | | | || (_| |  ) ) ) )
  '  |____| .__|_| |_|_| |_\__, | / / / /
 =========|_|==============|___/=/_/_/_/
 :: Spring Boot ::                (v2.6.6)

2022-05-10 20:17:29.402  INFO 63928 --- [    Test worker] c.n.w.a.f.FavoriteDocumentationTest      : Starting FavoriteDocumentationTest using Java 16.0.2 on seungjuui-MacBookPro.local with PID 63928 (started by seungjulee in /Users/seungjulee/study/NumbleWhatz)
2022-05-10 20:17:29.403  INFO 63928 --- [    Test worker] c.n.w.a.f.FavoriteDocumentationTest      : The following 3 profiles are active: "oauth", "local", "awskey"
2022-05-10 20:17:30.013  INFO 63928 --- [    Test worker] .s.d.r.c.RepositoryConfigurationDelegate : Bootstrapping Spring Data JPA repositories in DEFAULT mode.
2022-05-10 20:17:30.071  INFO 63928 --- [    Test worker] .s.d.r.c.RepositoryConfigurationDelegate : Finished Spring Data repository scanning in 54 ms. Found 4 JPA repository interfaces.
2022-05-10 20:17:30.562  INFO 63928 --- [    Test worker] o.hibernate.jpa.internal.util.LogHelper  : HHH000204: Processing PersistenceUnitInfo [name: default]
2022-05-10 20:17:30.574  INFO 63928 --- [    Test worker] com.zaxxer.hikari.HikariDataSource       : HikariPool-2 - Starting...
2022-05-10 20:17:30.581  INFO 63928 --- [    Test worker] com.zaxxer.hikari.HikariDataSource       : HikariPool-2 - Start completed.
2022-05-10 20:17:30.582  INFO 63928 --- [    Test worker] org.hibernate.dialect.Dialect            : HHH000400: Using dialect: org.hibernate.dialect.H2Dialect
2022-05-10 20:17:30.855  INFO 63928 --- [    Test worker] o.h.e.t.j.p.i.JtaPlatformInitiator       : HHH000490: Using JtaPlatform implementation: [org.hibernate.engine.transaction.jta.platform.internal.NoJtaPlatform]
2022-05-10 20:17:30.863  INFO 63928 --- [    Test worker] j.LocalContainerEntityManagerFactoryBean : Initialized JPA EntityManagerFactory for persistence unit 'default'
2022-05-10 20:17:31.371  INFO 63928 --- [    Test worker] c.n.whatz.config.aop.trace.FlowLogTrace  : [fd77fb94]|-->CrudRepository.save(..)
2022-05-10 20:17:31.422  INFO 63928 --- [    Test worker] c.n.whatz.config.aop.trace.FlowLogTrace  : [fd77fb94]|<--CrudRepository.save(..) Time=51ms
2022-05-10 20:17:31.423  INFO 63928 --- [    Test worker] c.n.whatz.config.aop.trace.FlowLogTrace  : [6860f43c]|-->CrudRepository.save(..)
2022-05-10 20:17:31.427  INFO 63928 --- [    Test worker] c.n.whatz.config.aop.trace.FlowLogTrace  : [6860f43c]|<--CrudRepository.save(..) Time=4ms
2022-05-10 20:17:31.427  INFO 63928 --- [    Test worker] c.n.whatz.config.aop.trace.FlowLogTrace  : [0556a949]|-->CrudRepository.save(..)
2022-05-10 20:17:31.431  INFO 63928 --- [    Test worker] c.n.whatz.config.aop.trace.FlowLogTrace  : [0556a949]|<--CrudRepository.save(..) Time=4ms
2022-05-10 20:17:31.431  INFO 63928 --- [    Test worker] c.n.whatz.config.aop.trace.FlowLogTrace  : [02c5ddf7]|-->CrudRepository.save(..)
2022-05-10 20:17:31.440  INFO 63928 --- [    Test worker] c.n.whatz.config.aop.trace.FlowLogTrace  : [02c5ddf7]|<--CrudRepository.save(..) Time=8ms
2022-05-10 20:17:31.442  INFO 63928 --- [    Test worker] c.n.whatz.config.aop.trace.FlowLogTrace  : [7fb2e495]|-->CrudRepository.save(..)
2022-05-10 20:17:31.447  INFO 63928 --- [    Test worker] c.n.whatz.config.aop.trace.FlowLogTrace  : [7fb2e495]|<--CrudRepository.save(..) Time=5ms
2022-05-10 20:17:31.447  INFO 63928 --- [    Test worker] c.n.whatz.config.aop.trace.FlowLogTrace  : [20748038]|-->CrudRepository.save(..)
2022-05-10 20:17:31.451  INFO 63928 --- [    Test worker] c.n.whatz.config.aop.trace.FlowLogTrace  : [20748038]|<--CrudRepository.save(..) Time=4ms
2022-05-10 20:17:31.452  INFO 63928 --- [    Test worker] c.n.whatz.config.aop.trace.FlowLogTrace  : [60c84eac]|-->CrudRepository.save(..)
2022-05-10 20:17:31.456  INFO 63928 --- [    Test worker] c.n.whatz.config.aop.trace.FlowLogTrace  : [60c84eac]|<--CrudRepository.save(..) Time=4ms
accessKey = AKIASMXPHYZITNIGHPMN
secretKey = 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
2022-05-10 20:17:31.875  WARN 63928 --- [    Test worker] o.s.s.c.a.web.builders.WebSecurity       : You are asking Spring Security to ignore Ant [pattern='/h2-console/*']. This is not recommended -- please use permitAll via HttpSecurity#authorizeHttpRequests instead.
2022-05-10 20:17:31.880  INFO 63928 --- [    Test worker] o.s.s.web.DefaultSecurityFilterChain     : Will secure Ant [pattern='/h2-console/*'] with []
2022-05-10 20:17:32.036  INFO 63928 --- [    Test worker] o.s.b.a.h2.H2ConsoleAutoConfiguration    : H2 console available at '/h2-console'. Database available at 'jdbc:h2:tcp://localhost/~/study/h2/makeHere/jpashop'
2022-05-10 20:17:32.323  INFO 63928 --- [    Test worker] o.s.s.web.DefaultSecurityFilterChain     : Will not secure any request
2022-05-10 20:17:32.558  WARN 63928 --- [    Test worker] ion$DefaultTemplateResolverConfiguration : Cannot find template location: classpath:/templates/ (please add some templates or check your Thymeleaf configuration)
2022-05-10 20:17:33.005  INFO 63928 --- [    Test worker] o.s.b.t.m.w.SpringBootMockServletContext : Initializing Spring TestDispatcherServlet ''
2022-05-10 20:17:33.008  INFO 63928 --- [    Test worker] o.s.t.web.servlet.TestDispatcherServlet  : Initializing Servlet ''
2022-05-10 20:17:33.010  INFO 63928 --- [    Test worker] o.s.t.web.servlet.TestDispatcherServlet  : Completed initialization in 1 ms
2022-05-10 20:17:33.057  INFO 63928 --- [    Test worker] c.n.w.a.f.FavoriteDocumentationTest      : Started FavoriteDocumentationTest in 3.782 seconds (JVM running for 16.609)
2022-05-10 20:17:33.295  INFO 63928 --- [    Test worker] c.n.whatz.config.aop.trace.FlowLogTrace  : [eb8f7c38]|-->FavoriteController.favoriteVideo(..)
2022-05-10 20:17:33.349  INFO 63928 --- [    Test worker] c.n.whatz.config.aop.trace.FlowLogTrace  : [eb8f7c38]|<--FavoriteController.favoriteVideo(..) Time=55ms
2022-05-10 20:17:33.602  INFO 63928 --- [    Test worker] c.n.whatz.config.aop.trace.FlowLogTrace  : [9e2a2c42]|-->FavoriteController.favorite(..)
2022-05-10 20:17:33.604  INFO 63928 --- [    Test worker] c.n.whatz.config.aop.trace.FlowLogTrace  : [9e2a2c42]|<--FavoriteController.favorite(..) Time=2ms
]]></system-out>
  <system-err><![CDATA[]]></system-err>
</testsuite>
